INFO 2022-11-17 13:41:42,251 basehttp 22736 31320 "GET / HTTP/1.1" 302 0
INFO 2022-11-17 13:41:42,342 basehttp 22736 31320 "GET /store HTTP/1.1" 200 22054
INFO 2022-11-17 13:41:42,476 basehttp 22736 31320 "GET /image/download/uploads/products/black-forest-cake-thumb.jpg HTTP/1.1" 200 213356
INFO 2022-11-17 13:41:42,482 basehttp 22736 31320 "GET /image/download/uploads/products/Chicken_Chop_Suey_with_Ginger.jpg HTTP/1.1" 200 95286
INFO 2022-11-17 13:41:42,489 basehttp 22736 31320 "GET /image/download/uploads/products/Chinese_Pearl_Meatballs.jpg HTTP/1.1" 200 75939
INFO 2022-11-17 13:41:42,492 basehttp 22736 38088 "GET /image/download/uploads/products/Masala_Dosa.jpg HTTP/1.1" 200 97587
INFO 2022-11-17 13:41:42,496 basehttp 22736 31320 "GET /image/download/uploads/products/Chinese_Soup.jpg HTTP/1.1" 200 103846
INFO 2022-11-17 13:41:42,499 basehttp 22736 38088 "GET /image/download/uploads/products/Kung_Pao_Chicken.jpg HTTP/1.1" 200 81361
INFO 2022-11-17 13:41:42,505 basehttp 22736 31320 "GET /image/download/uploads/products/Mongolian_Chicken_with_Mung_Bean_Sprouts.jpg HTTP/1.1" 200 108368
INFO 2022-11-17 13:41:42,506 basehttp 22736 43228 "GET /image/download/uploads/products/Asian_Lettuce_Wraps.jpg HTTP/1.1" 200 105105
INFO 2022-11-17 13:41:42,508 basehttp 22736 32752 "GET /image/download/uploads/products/Sambar_Rice.jpg HTTP/1.1" 200 122631
INFO 2022-11-17 13:41:42,511 basehttp 22736 38088 "GET /image/download/uploads/products/Quick_Shrimp_Stir-Fry.jpg HTTP/1.1" 200 74661
INFO 2022-11-17 13:41:42,515 basehttp 22736 31320 "GET /image/download/uploads/products/Meatball_sour_soup.jpg HTTP/1.1" 200 79891
INFO 2022-11-17 13:41:42,517 basehttp 22736 43228 "GET /image/download/uploads/products/Fried_chicken_with_tofu_skin.jpg HTTP/1.1" 200 91652
INFO 2022-11-17 13:41:42,519 basehttp 22736 20516 "GET /image/download/uploads/products/Chocolate_cake.jpg HTTP/1.1" 200 56757
INFO 2022-11-17 13:41:42,521 basehttp 22736 42500 "GET /image/download/uploads/products/Indian_Lentil_Curry.jpg HTTP/1.1" 200 101388
INFO 2022-11-17 13:41:42,523 basehttp 22736 32752 "GET /image/download/uploads/products/Romanian_Stuffed_Peppers.jpg HTTP/1.1" 200 125809
INFO 2022-11-17 13:41:42,523 basehttp 22736 38088 "GET /image/download/uploads/products/Taiwanese_Beef_Noodle_Soup.jpg HTTP/1.1" 200 105066
INFO 2022-11-17 13:41:42,528 basehttp 22736 43228 "GET /image/download/uploads/products/Cider_braised_turkey_drumsticks.jpg HTTP/1.1" 200 93671
INFO 2022-11-17 13:41:42,529 basehttp 22736 31320 "GET /image/download/uploads/products/Israeli_Hummus.jpg HTTP/1.1" 200 135070
INFO 2022-11-17 13:41:42,531 basehttp 22736 20516 "GET /image/download/uploads/products/Romanian_Sarmale.jpg HTTP/1.1" 200 108360
INFO 2022-11-17 13:41:42,531 basehttp 22736 42500 "GET /image/download/uploads/products/Israeli_Shakshuka.jpg HTTP/1.1" 200 101003
INFO 2022-11-17 13:41:42,533 basehttp 22736 38088 "GET /image/download/uploads/products/Meat_hummus.jpg HTTP/1.1" 200 75626
INFO 2022-11-17 13:41:42,534 basehttp 22736 32752 "GET /image/download/uploads/products/Slow_cooker_lemon_lamb_stew.jpg HTTP/1.1" 200 118128
INFO 2022-11-17 13:41:42,535 basehttp 22736 43228 "GET /image/download/uploads/products/Tuna_wrap.jpg HTTP/1.1" 200 73523
WARNING 2022-11-17 13:41:43,527 log 22736 43228 Not Found: /favicon.ico
WARNING 2022-11-17 13:41:43,528 basehttp 22736 43228 "GET /favicon.ico HTTP/1.1" 404 3581
